<?xml version="1.0" encoding="UTF-8"?>
<urlset xmlns="http://www.sitemaps.org/schemas/sitemap/0.9">
  <url>
    <loc>https://nadira3.github.io/</loc>
    <lastmod>2025-05-15T12:00:00+00:00</lastmod>
    <changefreq>daily</changefreq>
    <priority>1.0</priority>
  </url>
  <url>
    <loc>https://nadira3.github.io/about/</loc>
    <lastmod>2025-05-15T12:00:00+00:00</lastmod>
    <changefreq>monthly</changefreq>
    <priority>0.8</priority>
  </url>
  <url>
    <loc>https://nadira3.github.io/projects/</loc>
    <lastmod>2025-05-15T12:00:00+00:00</lastmod>
    <changefreq>weekly</changefreq>
    <priority>0.9</priority>
  </url>
</urlset>
